12 [140249878741376] INFO perfrun.launcher <> - Launcher main begin
13 [140249878741376] INFO perfrun.launcher <> - MessageCatalogInit finished
13 [140249878741376] INFO perfrun.launcher <> - Launcher instance created
13 [140249878741376] INFO perfrun.launcher <> - argc = 6; cmdline = /opt/intel/oneapi/advisor/2022.0.0/bin64/advixe-runss -dump-vdso -r /root/results/e000/hs003 --tmp-dir /tmp/advixe-tmp-root 
50 [140249878741376] INFO perfrun.launcher <> - create msngr2::ICliToolContext
50 [140249878741376] INFO perfrun.launcher <> - create file finder object
51 [140249694717696] INFO perfrun.launcher <> - plugin [remoteplug] was disabled because it doesn't support the given collection type.
51 [140249694717696] INFO perfrun.launcher <> - plugin [system] was disabled because it doesn't support the given collection type.
51 [140249694717696] INFO perfrun.vdso <> - dumping [vdso] pseudomodule
54 [140249694717696] INFO perfrun.launcher <> - plugin [itt] was disabled because it doesn't support the given collection type.
54 [140249694717696] INFO perfrun.launcher <> - plugin [] was disabled because it doesn't support the given collection type.
54 [140249694717696] INFO perfrun.launcher <> - plugin [gpu] was disabled because it doesn't support the given collection type.
54 [140249694717696] INFO perfrun.launcher <> - plugin [] was disabled because it doesn't support the given collection type.
54 [140249694717696] INFO perfrun.launcher <> - plugin [] was disabled because it doesn't support the given collection type.
54 [140249694717696] INFO perfrun.launcher <> - plugin [] was disabled because it doesn't support the given collection type.
54 [140249694717696] INFO perfrun.launcher <> - plugin [mrte] was disabled because it doesn't support the given collection type.
54 [140249694717696] INFO perfrun.launcher <> - plugin [] was disabled because it doesn't support the given collection type.
54 [140249694717696] INFO perfrun.launcher <> - plugin [] was disabled because it doesn't support the given collection type.
54 [140249694717696] INFO perfrun.launcher <> - plugin [] was disabled because it doesn't support the given collection type.
54 [140249694717696] INFO perfrun.launcher <> - plugin [] was disabled because it doesn't support the given collection type.
54 [140249694717696] INFO perfrun.launcher <> - plugin [] was disabled because it doesn't support the given collection type.
54 [140249694717696] INFO perfrun.launcher <> - plugin [] was disabled because it doesn't support the given collection type.
54 [140249694717696] INFO perfrun.launcher <> - plugin [] was disabled because it doesn't support the given collection type.
54 [140249694717696] INFO perfrun.launcher <> - plugin [tpss] was disabled because it doesn't support the given collection type.
54 [140249694717696] INFO perfrun.launcher <> - plugin [] was disabled because it doesn't support the given collection type.
54 [140249694717696] INFO perfrun.launcher <> - plugin [] was disabled because it doesn't support the given collection type.
54 [140249694717696] INFO perfrun.launcher <> - plugin [] was disabled because it doesn't support the given collection type.
54 [140249694717696] INFO perfrun.launcher <> - plugin [] was disabled because it doesn't support the given collection type.
54 [140249694717696] INFO perfrun.launcher <> - plugin [] was disabled because it doesn't support the given collection type.
54 [140249694717696] INFO perfrun.launcher <> - plugin [] was disabled because it doesn't support the given collection type.
54 [140249694717696] INFO perfrun.launcher <> - plugin [] was disabled because it doesn't support the given collection type.
54 [140249694717696] INFO perfrun.launcher <> - plugin [] was disabled because it doesn't support the given collection type.
54 [140249694717696] INFO perfrun.launcher <> - plugin [] was disabled because it doesn't support the given collection type.
54 [140249878741376] INFO perfrun.launcher <> - Application exit code: 0
54 [140249878741376] INFO perfrun.launcher <> - Exit code: 0
