20 [139871162003840] INFO perfrun.launcher <> - Launcher main begin
22 [139871162003840] INFO perfrun.launcher <> - MessageCatalogInit finished
22 [139871162003840] INFO perfrun.launcher <> - Launcher instance created
22 [139871162003840] INFO perfrun.launcher <> - argc = 6; cmdline = /opt/intel/oneapi/advisor/2022.0.0/bin64/advixe-runss -dump-vdso -r /root/vec_results/e000/hs004 --tmp-dir /tmp/advixe-tmp-root 
83 [139871162003840] INFO perfrun.launcher <> - create msngr2::ICliToolContext
84 [139871162003840] INFO perfrun.launcher <> - create file finder object
84 [139870978426624] INFO perfrun.launcher <> - plugin [remoteplug] was disabled because it doesn't support the given collection type.
84 [139870978426624] INFO perfrun.launcher <> - plugin [system] was disabled because it doesn't support the given collection type.
84 [139870978426624] INFO perfrun.vdso <> - dumping [vdso] pseudomodule
91 [139870978426624] INFO perfrun.launcher <> - plugin [itt] was disabled because it doesn't support the given collection type.
91 [139870978426624] INFO perfrun.launcher <> - plugin [] was disabled because it doesn't support the given collection type.
91 [139870978426624] INFO perfrun.launcher <> - plugin [gpu] was disabled because it doesn't support the given collection type.
91 [139870978426624] INFO perfrun.launcher <> - plugin [] was disabled because it doesn't support the given collection type.
91 [139870978426624] INFO perfrun.launcher <> - plugin [] was disabled because it doesn't support the given collection type.
91 [139870978426624] INFO perfrun.launcher <> - plugin [] was disabled because it doesn't support the given collection type.
91 [139870978426624] INFO perfrun.launcher <> - plugin [mrte] was disabled because it doesn't support the given collection type.
91 [139870978426624] INFO perfrun.launcher <> - plugin [] was disabled because it doesn't support the given collection type.
91 [139870978426624] INFO perfrun.launcher <> - plugin [] was disabled because it doesn't support the given collection type.
91 [139870978426624] INFO perfrun.launcher <> - plugin [] was disabled because it doesn't support the given collection type.
91 [139870978426624] INFO perfrun.launcher <> - plugin [] was disabled because it doesn't support the given collection type.
91 [139870978426624] INFO perfrun.launcher <> - plugin [] was disabled because it doesn't support the given collection type.
91 [139870978426624] INFO perfrun.launcher <> - plugin [] was disabled because it doesn't support the given collection type.
91 [139870978426624] INFO perfrun.launcher <> - plugin [] was disabled because it doesn't support the given collection type.
91 [139870978426624] INFO perfrun.launcher <> - plugin [tpss] was disabled because it doesn't support the given collection type.
91 [139870978426624] INFO perfrun.launcher <> - plugin [] was disabled because it doesn't support the given collection type.
91 [139870978426624] INFO perfrun.launcher <> - plugin [] was disabled because it doesn't support the given collection type.
91 [139870978426624] INFO perfrun.launcher <> - plugin [] was disabled because it doesn't support the given collection type.
91 [139870978426624] INFO perfrun.launcher <> - plugin [] was disabled because it doesn't support the given collection type.
91 [139870978426624] INFO perfrun.launcher <> - plugin [] was disabled because it doesn't support the given collection type.
91 [139870978426624] INFO perfrun.launcher <> - plugin [] was disabled because it doesn't support the given collection type.
91 [139870978426624] INFO perfrun.launcher <> - plugin [] was disabled because it doesn't support the given collection type.
91 [139870978426624] INFO perfrun.launcher <> - plugin [] was disabled because it doesn't support the given collection type.
91 [139870978426624] INFO perfrun.launcher <> - plugin [] was disabled because it doesn't support the given collection type.
91 [139871162003840] INFO perfrun.launcher <> - Application exit code: 0
91 [139871162003840] INFO perfrun.launcher <> - Exit code: 0
