12 [140299271336320] INFO perfrun.launcher <> - Launcher main begin
13 [140299271336320] INFO perfrun.launcher <> - MessageCatalogInit finished
13 [140299271336320] INFO perfrun.launcher <> - Launcher instance created
13 [140299271336320] INFO perfrun.launcher <> - argc = 6; cmdline = /opt/intel/oneapi/advisor/2022.0.0/bin64/advixe-runss -dump-vdso -r /root/vec_results/e000/hs001 --tmp-dir /tmp/advixe-tmp-root 
47 [140299271336320] INFO perfrun.launcher <> - create msngr2::ICliToolContext
48 [140299271336320] INFO perfrun.launcher <> - create file finder object
48 [140299086841600] INFO perfrun.launcher <> - plugin [remoteplug] was disabled because it doesn't support the given collection type.
48 [140299086841600] INFO perfrun.launcher <> - plugin [system] was disabled because it doesn't support the given collection type.
48 [140299086841600] INFO perfrun.vdso <> - dumping [vdso] pseudomodule
51 [140299086841600] INFO perfrun.launcher <> - plugin [itt] was disabled because it doesn't support the given collection type.
51 [140299086841600] INFO perfrun.launcher <> - plugin [] was disabled because it doesn't support the given collection type.
51 [140299086841600] INFO perfrun.launcher <> - plugin [gpu] was disabled because it doesn't support the given collection type.
51 [140299086841600] INFO perfrun.launcher <> - plugin [] was disabled because it doesn't support the given collection type.
51 [140299086841600] INFO perfrun.launcher <> - plugin [] was disabled because it doesn't support the given collection type.
51 [140299086841600] INFO perfrun.launcher <> - plugin [] was disabled because it doesn't support the given collection type.
51 [140299086841600] INFO perfrun.launcher <> - plugin [mrte] was disabled because it doesn't support the given collection type.
51 [140299086841600] INFO perfrun.launcher <> - plugin [] was disabled because it doesn't support the given collection type.
51 [140299086841600] INFO perfrun.launcher <> - plugin [] was disabled because it doesn't support the given collection type.
51 [140299086841600] INFO perfrun.launcher <> - plugin [] was disabled because it doesn't support the given collection type.
51 [140299086841600] INFO perfrun.launcher <> - plugin [] was disabled because it doesn't support the given collection type.
51 [140299086841600] INFO perfrun.launcher <> - plugin [] was disabled because it doesn't support the given collection type.
51 [140299086841600] INFO perfrun.launcher <> - plugin [] was disabled because it doesn't support the given collection type.
51 [140299086841600] INFO perfrun.launcher <> - plugin [] was disabled because it doesn't support the given collection type.
51 [140299086841600] INFO perfrun.launcher <> - plugin [tpss] was disabled because it doesn't support the given collection type.
51 [140299086841600] INFO perfrun.launcher <> - plugin [] was disabled because it doesn't support the given collection type.
51 [140299086841600] INFO perfrun.launcher <> - plugin [] was disabled because it doesn't support the given collection type.
51 [140299086841600] INFO perfrun.launcher <> - plugin [] was disabled because it doesn't support the given collection type.
51 [140299086841600] INFO perfrun.launcher <> - plugin [] was disabled because it doesn't support the given collection type.
51 [140299086841600] INFO perfrun.launcher <> - plugin [] was disabled because it doesn't support the given collection type.
51 [140299086841600] INFO perfrun.launcher <> - plugin [] was disabled because it doesn't support the given collection type.
51 [140299086841600] INFO perfrun.launcher <> - plugin [] was disabled because it doesn't support the given collection type.
51 [140299086841600] INFO perfrun.launcher <> - plugin [] was disabled because it doesn't support the given collection type.
51 [140299086841600] INFO perfrun.launcher <> - plugin [] was disabled because it doesn't support the given collection type.
51 [140299271336320] INFO perfrun.launcher <> - Application exit code: 0
51 [140299271336320] INFO perfrun.launcher <> - Exit code: 0
